1669290192417	geckodriver	INFO	Listening on 127.0.0.1:44651
1669290193366	mozrunner::runner	INFO	Running command: "/snap/firefox/current/firefox.launcher" "--marionette" "-no-remote" "-profile" "/tmp/rust_mozprofileUFtZO4"
Gtk-Message: 12:43:13.409: Failed to load module "canberra-gtk-module"
Gtk-Message: 12:43:13.410: Failed to load module "canberra-gtk-module"
console.error: Enterprise Policies: 
  Policy SearchEngines is only allowed on ESR
[GFX1-]: glxtest: VA-API test failed: failed to initialise VAAPI connection.
ATTENTION: default value of option mesa_glthread overridden by environment.
1669290193805	Marionette	INFO	Marionette enabled
1669290193808	Marionette	INFO	Listening on port 43133
console.error: Policies.jsm: 
  'ExpireAtSessionEnd' has been deprecated and it has no effect anymore.
Read port: 43133
1669290193897	RemoteAgent	WARN	TLS certificate errors will be ignored for this session
console.warn: SearchSettings: "get: No settings file exists, new profile?" (new NotFoundError("Could not open the file at /tmp/rust_mozprofileUFtZO4/search.json.mozlz4", (void 0)))
console.error: Policies.jsm: 
  Add-on downloaded from https://addons.mozilla.org/firefox/downloads/latest/canvasblocker/latest.xpi had unexpected id (got CanvasBlocker@kkapsner.de expected CanvasBlocker@kkapsner.net)
console.error: Policies.jsm: 
  Incompatible add-on - https://addons.mozilla.org/firefox/downloads/latest/canvasblocker/latest.xpi
console.error: Policies.jsm: 
  Add-on downloaded from https://addons.mozilla.org/firefox/downloads/latest/clearurls/latest.xpi had unexpected id (got {74145f27-f039-47ce-a470-a662b129930a} expected ClearURLs@kevinr)
console.error: Policies.jsm: 
  Incompatible add-on - https://addons.mozilla.org/firefox/downloads/latest/clearurls/latest.xpi
JavaScript error: , line 0: uncaught exception: Object
JavaScript error: , line 0: uncaught exception: Object
JavaScript error: , line 0: uncaught exception: Object
JavaScript error: , line 0: uncaught exception: Object
JavaScript warning: moz-extension://d36d1f89-968f-444c-ad01-4d327ab82d5a/background/tree.js, line 815: unreachable code after return statement
1669290198323	Marionette	WARN	Ignoring event 'DOMContentLoaded' because document has an invalid readyState of 'complete'.
JavaScript error: resource://gre/modules/ExtensionChild.jsm, line 836: DataCloneError: Promise object could not be cloned.
1669290218776	Marionette	INFO	Stopped listening on port 43133
1669290271675	geckodriver	INFO	Listening on 127.0.0.1:60547
1669290272814	mozrunner::runner	INFO	Running command: "/snap/firefox/current/firefox.launcher" "--marionette" "-no-remote" "-profile" "/tmp/rust_mozprofileabXJGc"
Gtk-Message: 12:44:32.874: Failed to load module "canberra-gtk-module"
Gtk-Message: 12:44:32.875: Failed to load module "canberra-gtk-module"
console.error: Enterprise Policies: 
  Policy SearchEngines is only allowed on ESR
[GFX1-]: glxtest: VA-API test failed: failed to initialise VAAPI connection.
ATTENTION: default value of option mesa_glthread overridden by environment.
1669290273273	Marionette	INFO	Marionette enabled
1669290273276	Marionette	INFO	Listening on port 42989
console.error: Policies.jsm: 
  'ExpireAtSessionEnd' has been deprecated and it has no effect anymore.
Read port: 42989
1669290273380	RemoteAgent	WARN	TLS certificate errors will be ignored for this session
console.warn: SearchSettings: "get: No settings file exists, new profile?" (new NotFoundError("Could not open the file at /tmp/rust_mozprofileabXJGc/search.json.mozlz4", (void 0)))
JavaScript error: , line 0: uncaught exception: Object
JavaScript error: , line 0: uncaught exception: Object
JavaScript error: , line 0: uncaught exception: Object
JavaScript error: , line 0: uncaught exception: Object
console.error: Policies.jsm: 
  Add-on downloaded from https://addons.mozilla.org/firefox/downloads/latest/canvasblocker/latest.xpi had unexpected id (got CanvasBlocker@kkapsner.de expected CanvasBlocker@kkapsner.net)
console.error: Policies.jsm: 
  Incompatible add-on - https://addons.mozilla.org/firefox/downloads/latest/canvasblocker/latest.xpi
console.error: Policies.jsm: 
  Add-on downloaded from https://addons.mozilla.org/firefox/downloads/latest/clearurls/latest.xpi had unexpected id (got {74145f27-f039-47ce-a470-a662b129930a} expected ClearURLs@kevinr)
console.error: Policies.jsm: 
  Incompatible add-on - https://addons.mozilla.org/firefox/downloads/latest/clearurls/latest.xpi
JavaScript warning: moz-extension://67d6096e-cc7b-4dd2-8e20-99806a821f67/background/tree.js, line 815: unreachable code after return statement
1669290275830	Marionette	WARN	Ignoring event 'DOMContentLoaded' because document has an invalid readyState of 'complete'.
JavaScript error: resource://gre/modules/ExtensionChild.jsm, line 836: DataCloneError: Promise object could not be cloned.
1669290286272	Marionette	INFO	Stopped listening on port 42989
1669290300503	geckodriver	INFO	Listening on 127.0.0.1:52869
1669290301687	mozrunner::runner	INFO	Running command: "/snap/firefox/current/firefox.launcher" "--marionette" "-no-remote" "-profile" "/tmp/rust_mozprofileg1bwjY"
Gtk-Message: 12:45:01.738: Failed to load module "canberra-gtk-module"
Gtk-Message: 12:45:01.739: Failed to load module "canberra-gtk-module"
console.error: Enterprise Policies: 
  Policy SearchEngines is only allowed on ESR
[GFX1-]: glxtest: VA-API test failed: failed to initialise VAAPI connection.
ATTENTION: default value of option mesa_glthread overridden by environment.
1669290302128	Marionette	INFO	Marionette enabled
1669290302131	Marionette	INFO	Listening on port 43551
console.error: Policies.jsm: 
  'ExpireAtSessionEnd' has been deprecated and it has no effect anymore.
Read port: 43551
1669290302247	RemoteAgent	WARN	TLS certificate errors will be ignored for this session
console.warn: SearchSettings: "get: No settings file exists, new profile?" (new NotFoundError("Could not open the file at /tmp/rust_mozprofileg1bwjY/search.json.mozlz4", (void 0)))
console.error: Policies.jsm: 
  Add-on downloaded from https://addons.mozilla.org/firefox/downloads/latest/canvasblocker/latest.xpi had unexpected id (got CanvasBlocker@kkapsner.de expected CanvasBlocker@kkapsner.net)
console.error: Policies.jsm: 
  Incompatible add-on - https://addons.mozilla.org/firefox/downloads/latest/canvasblocker/latest.xpi
JavaScript error: , line 0: uncaught exception: Object
JavaScript error: , line 0: uncaught exception: Object
JavaScript error: , line 0: uncaught exception: Object
JavaScript error: , line 0: uncaught exception: Object
console.error: Policies.jsm: 
  Add-on downloaded from https://addons.mozilla.org/firefox/downloads/latest/clearurls/latest.xpi had unexpected id (got {74145f27-f039-47ce-a470-a662b129930a} expected ClearURLs@kevinr)
console.error: Policies.jsm: 
  Incompatible add-on - https://addons.mozilla.org/firefox/downloads/latest/clearurls/latest.xpi
JavaScript warning: moz-extension://e4ec22db-e08e-40d7-9842-3b1f44a427a5/background/tree.js, line 815: unreachable code after return statement
1669290304424	Marionette	WARN	Ignoring event 'DOMContentLoaded' because document has an invalid readyState of 'complete'.
1669290306228	Marionette	INFO	Stopped listening on port 43551
1669291700277	geckodriver	INFO	Listening on 127.0.0.1:34369
1669291701466	mozrunner::runner	INFO	Running command: "/snap/firefox/current/firefox.launcher" "--marionette" "-no-remote" "-profile" "/tmp/rust_mozprofileqE12Ch"
Gtk-Message: 13:08:21.510: Failed to load module "canberra-gtk-module"
Gtk-Message: 13:08:21.511: Failed to load module "canberra-gtk-module"
console.error: Enterprise Policies: 
  Policy SearchEngines is only allowed on ESR
[GFX1-]: glxtest: VA-API test failed: failed to initialise VAAPI connection.
ATTENTION: default value of option mesa_glthread overridden by environment.
1669291701877	Marionette	INFO	Marionette enabled
1669291701880	Marionette	INFO	Listening on port 38129
console.error: Policies.jsm: 
  'ExpireAtSessionEnd' has been deprecated and it has no effect anymore.
Read port: 38129
1669291702006	RemoteAgent	WARN	TLS certificate errors will be ignored for this session
console.warn: SearchSettings: "get: No settings file exists, new profile?" (new NotFoundError("Could not open the file at /tmp/rust_mozprofileqE12Ch/search.json.mozlz4", (void 0)))
JavaScript error: , line 0: uncaught exception: Object
JavaScript error: , line 0: uncaught exception: Object
JavaScript error: , line 0: uncaught exception: Object
JavaScript error: , line 0: uncaught exception: Object
console.error: Policies.jsm: 
  Add-on downloaded from https://addons.mozilla.org/firefox/downloads/latest/canvasblocker/latest.xpi had unexpected id (got CanvasBlocker@kkapsner.de expected CanvasBlocker@kkapsner.net)
console.error: Policies.jsm: 
  Incompatible add-on - https://addons.mozilla.org/firefox/downloads/latest/canvasblocker/latest.xpi
console.error: Policies.jsm: 
  Add-on downloaded from https://addons.mozilla.org/firefox/downloads/latest/clearurls/latest.xpi had unexpected id (got {74145f27-f039-47ce-a470-a662b129930a} expected ClearURLs@kevinr)
console.error: Policies.jsm: 
  Incompatible add-on - https://addons.mozilla.org/firefox/downloads/latest/clearurls/latest.xpi
JavaScript warning: moz-extension://9a498f0e-924d-414e-9ace-133f53fa51c9/background/tree.js, line 815: unreachable code after return statement
1669291705511	Marionette	WARN	Ignoring event 'DOMContentLoaded' because document has an invalid readyState of 'complete'.
1669291705861	Marionette	INFO	Stopped listening on port 38129
1669299886941	geckodriver	INFO	Listening on 127.0.0.1:39431
1669299888092	mozrunner::runner	INFO	Running command: "/snap/firefox/current/firefox.launcher" "--marionette" "-no-remote" "-profile" "/tmp/rust_mozprofilem1jR5H"
Gtk-Message: 15:24:48.134: Failed to load module "canberra-gtk-module"
Gtk-Message: 15:24:48.135: Failed to load module "canberra-gtk-module"
console.error: Enterprise Policies: 
  Policy SearchEngines is only allowed on ESR
[GFX1-]: glxtest: VA-API test failed: failed to initialise VAAPI connection.
ATTENTION: default value of option mesa_glthread overridden by environment.
1669299888498	Marionette	INFO	Marionette enabled
1669299888501	Marionette	INFO	Listening on port 43317
console.error: Policies.jsm: 
  'ExpireAtSessionEnd' has been deprecated and it has no effect anymore.
Read port: 43317
1669299888666	RemoteAgent	WARN	TLS certificate errors will be ignored for this session
console.warn: SearchSettings: "get: No settings file exists, new profile?" (new NotFoundError("Could not open the file at /tmp/rust_mozprofilem1jR5H/search.json.mozlz4", (void 0)))
console.error: Policies.jsm: 
  Add-on downloaded from https://addons.mozilla.org/firefox/downloads/latest/canvasblocker/latest.xpi had unexpected id (got CanvasBlocker@kkapsner.de expected CanvasBlocker@kkapsner.net)
console.error: Policies.jsm: 
  Incompatible add-on - https://addons.mozilla.org/firefox/downloads/latest/canvasblocker/latest.xpi
console.error: Policies.jsm: 
  Add-on downloaded from https://addons.mozilla.org/firefox/downloads/latest/clearurls/latest.xpi had unexpected id (got {74145f27-f039-47ce-a470-a662b129930a} expected ClearURLs@kevinr)
console.error: Policies.jsm: 
  Incompatible add-on - https://addons.mozilla.org/firefox/downloads/latest/clearurls/latest.xpi
JavaScript error: , line 0: uncaught exception: Object
JavaScript error: , line 0: uncaught exception: Object
JavaScript error: , line 0: uncaught exception: Object
JavaScript error: , line 0: uncaught exception: Object
JavaScript warning: moz-extension://0aa6a901-29eb-4738-a5c3-0557f7cc921f/background/tree.js, line 815: unreachable code after return statement
1669299891180	Marionette	WARN	Ignoring event 'DOMContentLoaded' because document has an invalid readyState of 'complete'.
1669299891508	Marionette	INFO	Stopped listening on port 43317
JavaScript error: resource://gre/modules/AsyncShutdown.jsm, line 576: AbortError: Actor 'Conduits' destroyed before query 'RunListener' was resolved
JavaScript error: resource://gre/modules/AsyncShutdown.jsm, line 576: AbortError: Actor 'Conduits' destroyed before query 'RunListener' was resolved
1669300946937	geckodriver	INFO	Listening on 127.0.0.1:51745
1669300948130	mozrunner::runner	INFO	Running command: "/snap/firefox/current/firefox.launcher" "--marionette" "-no-remote" "-profile" "/tmp/rust_mozprofileOKXoEP"
Gtk-Message: 15:42:28.178: Failed to load module "canberra-gtk-module"
Gtk-Message: 15:42:28.179: Failed to load module "canberra-gtk-module"
console.error: Enterprise Policies: 
  Policy SearchEngines is only allowed on ESR
[GFX1-]: glxtest: VA-API test failed: failed to initialise VAAPI connection.
ATTENTION: default value of option mesa_glthread overridden by environment.
1669300948548	Marionette	INFO	Marionette enabled
1669300948550	Marionette	INFO	Listening on port 43807
console.error: Policies.jsm: 
  'ExpireAtSessionEnd' has been deprecated and it has no effect anymore.
Read port: 43807
1669300948701	RemoteAgent	WARN	TLS certificate errors will be ignored for this session
console.warn: SearchSettings: "get: No settings file exists, new profile?" (new NotFoundError("Could not open the file at /tmp/rust_mozprofileOKXoEP/search.json.mozlz4", (void 0)))
JavaScript error: , line 0: uncaught exception: Object
JavaScript error: , line 0: uncaught exception: Object
JavaScript error: , line 0: uncaught exception: Object
JavaScript error: , line 0: uncaught exception: Object
console.error: Policies.jsm: 
  Add-on downloaded from https://addons.mozilla.org/firefox/downloads/latest/canvasblocker/latest.xpi had unexpected id (got CanvasBlocker@kkapsner.de expected CanvasBlocker@kkapsner.net)
console.error: Policies.jsm: 
  Incompatible add-on - https://addons.mozilla.org/firefox/downloads/latest/canvasblocker/latest.xpi
console.error: Policies.jsm: 
  Add-on downloaded from https://addons.mozilla.org/firefox/downloads/latest/clearurls/latest.xpi had unexpected id (got {74145f27-f039-47ce-a470-a662b129930a} expected ClearURLs@kevinr)
console.error: Policies.jsm: 
  Incompatible add-on - https://addons.mozilla.org/firefox/downloads/latest/clearurls/latest.xpi
JavaScript warning: moz-extension://cd26542b-ff31-415a-89fb-85f6e0e5e435/background/tree.js, line 815: unreachable code after return statement
JavaScript error: resource://gre/modules/ExtensionContent.jsm, line 580: TypeError: PrecompiledScript.executeInGlobal: Argument 1 is not an object.
JavaScript error: , line 0: uncaught exception: Object
JavaScript error: resource://gre/modules/ExtensionContent.jsm, line 580: TypeError: PrecompiledScript.executeInGlobal: Argument 1 is not an object.
1669300953081	Marionette	WARN	Ignoring event 'DOMContentLoaded' because document has an invalid readyState of 'complete'.
1669300953293	Marionette	INFO	Stopped listening on port 43807
JavaScript error: moz-extension://cd26542b-ff31-415a-89fb-85f6e0e5e435/sidebar/sidebar-tabs.js, line 140: Error: Could not establish connection. Receiving end does not exist.
